<?xml version="1.0" encoding="utf-8"?><testsuites name="pytest tests"><testsuite name="pytest" errors="0" failures="0" skipped="0" tests="25" time="1.237" timestamp="2026-09-21T22:33:13.823115+00:00" hostname="8ff68e698c69"><testcase classname="tests.test_state_bag" name="test_empty_bag" time="0.001" /><testcase classname="tests.test_state_bag" name="test_single_stack" time="0.001" /><testcase classname="tests.test_state_bag" name="test_multiple_stacks_preserves_order" time="0.000" /><testcase classname="tests.test_state_bag" name="test_duplicate_item_across_stacks_sums_quantity" time="0.001" /><testcase classname="tests.test_state_bag" name="test_count_clamped_to_maximum" time="0.001" /><testcase classname="tests.test_state_bag" name="test_bag_reads_loaded_symbol_addresses_not_canonical_defaults" time="0.001" /><testcase classname="tests.test_state_bag" name="test_zero_count_is_known_empty_without_item_base_symbol" time="0.001" /><testcase classname="tests.test_state_bag" name="test_missing_count_symbol_is_an_explicit_unknown_not_empty" time="0.001" /><testcase classname="tests.test_state_bag" name="test_nonempty_bag_missing_item_base_symbol_does_not_guess_address" time="0.001" /><testcase classname="tests.test_state_party" name="test_empty_party" time="0.001" /><testcase classname="tests.test_state_party" name="test_single_pokemon_at_full_hp" time="0.001" /><testcase classname="tests.test_state_party" name="test_multiple_slots_parsed_independently" time="0.001" /><testcase classname="tests.test_state_party" name="test_all_fainted_detection" time="0.001" /><testcase classname="tests.test_state_party" name="test_status_decoded_per_slot" time="0.001" /><testcase classname="tests.test_state_party" name="test_hp_is_big_endian_inside_struct" time="0.001" /><testcase classname="tests.test_state_party" name="test_party_count_clamped_to_max_slots" time="0.001" /><testcase classname="tests.test_state_party" name="test_party_reads_relocated_symbol_addresses_not_canonical_guesses" time="0.000" /><testcase classname="tests.test_state_party" name="test_party_sentinel_bytes_are_exposed_without_guessing" time="0.001" /><testcase classname="tests.test_state_party" name="test_party_parser_requires_core_symbols" time="0.000" /><testcase classname="tests.test_state_party" name="test_nonempty_party_requires_party_mons_symbol" time="0.000" /><testcase classname="tests.test_battle_healing_items_rom" name="test_turn_evidence_is_required_rather_than_supplied" time="0.001" /><testcase classname="tests.test_battle_healing_items_rom" name="test_release_evidence_names_the_pinned_assets_and_producer" time="0.003" /><testcase classname="tests.test_battle_healing_items_rom" name="test_fixture_bytes_match_the_release_evidence" time="0.001" /><testcase classname="tests.test_battle_healing_items_rom" name="test_producer_refuses_existing_output_and_unpinned_assets" time="0.009" /><testcase classname="tests.test_battle_healing_items_rom" name="test_potion_heals_the_active_mon_from_the_battle_item_menu" time="1.096" /></testsuite></testsuites>